<?xml version="1.0" encoding="UTF-8"?>
<!-- Generated by org.testng.reporters.JUnitReportReporter -->
<testsuite skipped="0" hostname="bhargav" name="runner.TestRunner3" tests="1" failures="0" timestamp="2020-04-12T20:49:19 IST" time="19.701" errors="0">
  <testcase name="login" time="19.701" classname="runner.TestRunner3"/>
  <system-out/>
</testsuite> <!-- runner.TestRunner3 -->
