<?xml version="1.0" encoding="UTF-8"?>
<!-- Generated by org.testng.reporters.JUnitReportReporter -->
<testsuite skipped="0" hostname="bhargav" name="runner.TestRunner1" tests="1" failures="0" timestamp="2020-04-12T16:33:43 IST" time="22.581" errors="0">
  <testcase name="login" time="22.581" classname="runner.TestRunner1"/>
  <system-out/>
</testsuite> <!-- runner.TestRunner1 -->
