<?xml version="1.0" encoding="UTF-8"?>
<!-- Generated by org.testng.reporters.JUnitReportReporter -->
<testsuite skipped="0" hostname="bhargav" name="runner.TestRunner2" tests="1" failures="0" timestamp="2020-04-12T20:49:19 IST" time="20.753" errors="0">
  <testcase name="login" time="20.753" classname="runner.TestRunner2"/>
  <system-out/>
</testsuite> <!-- runner.TestRunner2 -->
