<?xml version="1.0" encoding="UTF-8"?>
<!-- Generated by org.testng.reporters.JUnitReportReporter -->
<testsuite skipped="0" hostname="bhargav" name="runner.TestRunner3" tests="1" failures="0" timestamp="2020-04-12T23:35:02 IST" time="20.321" errors="0">
  <testcase name="login" time="20.321" classname="runner.TestRunner3"/>
  <system-out/>
</testsuite> <!-- runner.TestRunner3 -->
