<?xml version="1.0" encoding="UTF-8"?>
<!-- Generated by org.testng.reporters.JUnitReportReporter -->
<testsuite skipped="0" hostname="bhargav" name="runner.TestRunner1" tests="1" failures="0" timestamp="2020-04-12T20:49:19 IST" time="19.394" errors="0">
  <testcase name="login" time="19.394" classname="runner.TestRunner1"/>
  <system-out/>
</testsuite> <!-- runner.TestRunner1 -->
